<?xml version="1.0" encoding="UTF-8"?>
<!-- Generated by org.testng.reporters.JUnitReportReporter -->
<testsuite hostname="jay-PC" failures="0" tests="6" name="api.test.DataDrivenTest" time="12.293" errors="0" timestamp="2023-06-23T19:38:17 IST" skipped="0">
  <testcase classname="api.test.DataDrivenTest" name="testPostUser" time="1.473"/>
  <system-out/>
  <testcase classname="api.test.DataDrivenTest" name="testPostUser" time="5.212"/>
  <system-out/>
  <testcase classname="api.test.DataDrivenTest" name="testPostUser" time="1.457"/>
  <system-out/>
  <testcase classname="api.test.DataDrivenTest" name="testDeleteUserByName" time="1.318"/>
  <system-out/>
  <testcase classname="api.test.DataDrivenTest" name="testDeleteUserByName" time="1.387"/>
  <system-out/>
  <testcase classname="api.test.DataDrivenTest" name="testDeleteUserByName" time="1.446"/>
  <system-out/>
</testsuite> <!-- api.test.DataDrivenTest -->
