<?xml version="1.0" encoding="UTF-8"?>
<!-- Generated by org.testng.reporters.JUnitReportReporter -->
<testsuite hostname="jay-PC" failures="0" tests="4" name="api.test.UserTest" time="7.497" errors="0" timestamp="2023-06-23T19:38:17 IST" skipped="0">
  <testcase classname="api.test.UserTest" name="testPostUser" time="1.548"/>
  <system-out/>
  <testcase classname="api.test.UserTest" name="testGetUser" time="1.454"/>
  <system-out/>
  <testcase classname="api.test.UserTest" name="testUpdateUser" time="3.029"/>
  <system-out/>
  <testcase classname="api.test.UserTest" name="testDeleteUser" time="1.466"/>
  <system-out/>
</testsuite> <!-- api.test.UserTest -->
