<?xml version="1.0" encoding="UTF-8"?>
<!-- Generated by org.testng.reporters.JUnitReportReporter -->
<testsuite hostname="jay-PC" failures="0" tests="6" name="api.test.DataDrivenTest" time="16.679" errors="0" timestamp="2023-06-24T12:36:10 IST" skipped="0">
  <testcase classname="api.test.DataDrivenTest" name="testPostUser" time="1.340"/>
  <system-out/>
  <testcase classname="api.test.DataDrivenTest" name="testPostUser" time="8.591"/>
  <system-out/>
  <testcase classname="api.test.DataDrivenTest" name="testPostUser" time="2.707"/>
  <system-out/>
  <testcase classname="api.test.DataDrivenTest" name="testDeleteUserByName" time="1.289"/>
  <system-out/>
  <testcase classname="api.test.DataDrivenTest" name="testDeleteUserByName" time="1.342"/>
  <system-out/>
  <testcase classname="api.test.DataDrivenTest" name="testDeleteUserByName" time="1.410"/>
  <system-out/>
</testsuite> <!-- api.test.DataDrivenTest -->
