<?xml version="1.0" encoding="UTF-8"?>
<!-- Generated by org.testng.reporters.JUnitReportReporter -->
<testsuite hostname="jay-PC" failures="0" tests="4" name="api.test.UserTest2" time="6.799" errors="0" timestamp="2023-06-23T20:25:49 IST" skipped="0">
  <testcase classname="api.test.UserTest2" name="testPostUser" time="1.338"/>
  <system-out/>
  <testcase classname="api.test.UserTest2" name="testGetUser" time="1.236"/>
  <system-out/>
  <testcase classname="api.test.UserTest2" name="testUpdateUser" time="2.748"/>
  <system-out/>
  <testcase classname="api.test.UserTest2" name="testDeleteUser" time="1.477"/>
  <system-out/>
</testsuite> <!-- api.test.UserTest2 -->
