<?xml version="1.0" encoding="UTF-8"?>
<!-- Generated by org.testng.reporters.JUnitReportReporter -->
<testsuite hostname="jay-PC" failures="0" tests="4" name="api.test.UserTest2" time="7.874" errors="0" timestamp="2023-06-24T12:36:10 IST" skipped="0">
  <testcase classname="api.test.UserTest2" name="testPostUser" time="2.513"/>
  <system-out/>
  <testcase classname="api.test.UserTest2" name="testGetUser" time="1.143"/>
  <system-out/>
  <testcase classname="api.test.UserTest2" name="testUpdateUser" time="2.773"/>
  <system-out/>
  <testcase classname="api.test.UserTest2" name="testDeleteUser" time="1.445"/>
  <system-out/>
</testsuite> <!-- api.test.UserTest2 -->
