<?xml version="1.0" encoding="UTF-8"?>
<!-- Generated by org.testng.reporters.JUnitReportReporter -->
<testsuite hostname="jay-PC" failures="0" tests="6" name="api.test.DataDrivenTest" time="23.294" errors="0" timestamp="2023-06-23T20:25:49 IST" skipped="0">
  <testcase classname="api.test.DataDrivenTest" name="testPostUser" time="1.466"/>
  <system-out/>
  <testcase classname="api.test.DataDrivenTest" name="testPostUser" time="11.758"/>
  <system-out/>
  <testcase classname="api.test.DataDrivenTest" name="testPostUser" time="2.416"/>
  <system-out/>
  <testcase classname="api.test.DataDrivenTest" name="testDeleteUserByName" time="4.984"/>
  <system-out/>
  <testcase classname="api.test.DataDrivenTest" name="testDeleteUserByName" time="1.446"/>
  <system-out/>
  <testcase classname="api.test.DataDrivenTest" name="testDeleteUserByName" time="1.224"/>
  <system-out/>
</testsuite> <!-- api.test.DataDrivenTest -->
