<?xml version="1.0" encoding="UTF-8"?>
<!-- Generated by org.testng.reporters.JUnitReportReporter -->
<testsuite hostname="jay-PC" failures="0" tests="4" name="api.test.UserTest" time="10.600" errors="0" timestamp="2023-06-23T20:25:49 IST" skipped="0">
  <testcase classname="api.test.UserTest" name="testPostUser" time="1.407"/>
  <system-out/>
  <testcase classname="api.test.UserTest" name="testGetUser" time="1.385"/>
  <system-out/>
  <testcase classname="api.test.UserTest" name="testUpdateUser" time="6.573"/>
  <system-out/>
  <testcase classname="api.test.UserTest" name="testDeleteUser" time="1.235"/>
  <system-out/>
</testsuite> <!-- api.test.UserTest -->
